<?xml version="1.0" encoding="UTF-8"?>
<testng-results total="2" passed="2" failed="0" skipped="0">
  <reporter-output>
  </reporter-output>
  <suite started-at="2022-11-07T11:27:41Z" name="Suite1" finished-at="2022-11-07T11:28:01Z" duration-ms="19986">
    <groups>
    </groups>
    <test started-at="2022-11-07T11:27:41Z" name="Nopackage" finished-at="2022-11-07T11:28:01Z" duration-ms="19986">
      <class name="com.hrms.testscripts.Tc_002">
        <test-method signature="tc_002()[pri:0, instance:com.hrms.testscripts.Tc_002@9225652]" started-at="2022-11-07T16:57:47Z" name="tc_002" finished-at="2022-11-07T16:58:01Z" duration-ms="13430" status="PASS">
          <reporter-output>
          </reporter-output>
        </test-method> <!-- tc_002 -->
      </class> <!-- com.hrms.testscripts.Tc_002 -->
      <class name="com.hrms.testscripts.Tc_001">
        <test-method signature="tc_001()[pri:0, instance:com.hrms.testscripts.Tc_001@6e4784bc]" started-at="2022-11-07T16:57:41Z" name="tc_001" finished-at="2022-11-07T16:57:47Z" duration-ms="6536" status="PASS">
          <reporter-output>
          </reporter-output>
        </test-method> <!-- tc_001 -->
      </class> <!-- com.hrms.testscripts.Tc_001 -->
    </test> <!-- Nopackage -->
  </suite> <!-- Suite1 -->
</testng-results>
